<?xml version="1.0" encoding="UTF-8"?>
<!-- Generated by org.testng.reporters.JUnitXMLReporter -->
<testsuite ignored="0" hostname="LAPTOP-S874GQA2" failures="1" tests="1" name="Test" time="0.027" errors="0" timestamp="2022-07-28T11:50:31 IST">
  <testcase classname="org.login.TestIng" name="one" time="0.0">
    <failure type="org.testng.TestNGException" message="
Parameter &amp;apos;username&amp;apos; is required by @Test on method one but has not been marked @Optional or defined
in C:\Users\Surya\eclipse-workspace\MavenSample\testng.xml">
      <![CDATA[org.testng.TestNGException: 
Parameter 'username' is required by @Test on method one but has not been marked @Optional or defined
in C:\Users\Surya\eclipse-workspace\MavenSample\testng.xml
at java.base/java.util.ArrayList.forEach(ArrayList.java:1511)
... Removed 26 stack frames]]>
    </failure>
  </testcase> <!-- one -->
</testsuite> <!-- Test -->
